2025-06-19 11:37:36,413 - root - INFO - Starting preprocessing pipeline
2025-06-19 11:37:36,413 - root - INFO - Starting sitemap generation...
2025-06-19 11:38:23,376 - root - INFO - Sitemap generated successfully at sitemap/sitemap.xml
2025-06-19 11:38:23,376 - root - INFO - Output: Starting crawl of https://gna.cultura.gov.it
Max depth: 10, Max pages: 200
Crawling: https://gna.cultura.gov.it/wiki/index.php/Pagina_principale (depth 0)
Crawling: https://gna.cultura.gov.it/wiki/index.php/Indice (depth 1)
Crawling: https://gna.cultura.gov.it/wiki/index.php/Il_progetto (depth 2)
Crawling: https://gna.cultura.gov.it/wiki/index.php/Brevi_note_su_QGIS (depth 2)
Crawling: https://gna.cultura.gov.it/wiki/index.php/Istruzioni_operative (depth 2)
Crawling: https://gna.cultura.gov.it/wiki/index.php/Per_stampare (depth 2)
Crawling: https://gna.cultura.gov.it/wiki/index.php/Compilare_il_MOSI (depth 2)
Crawling: https://gna.cultura.gov.it/wiki/index.php/La_struttura_del_progetto (depth 2)
Crawling: https://gna.cultura.gov.it/wiki/index.php/Vocabolari_e_strumenti_terminologici (depth 2)
Crawling: https://gna.cultura.gov.it/wiki/index.php/Ipotesi_ricostruttive (depth 2)
Crawling: https://gna.cultura.gov.it/wiki/index.php/Compilare_il_MOPR (depth 2)
Crawling: https://gna.cultura.gov.it/wiki/index.php/Qualche_applicazione_specifica (depth 2)
Crawling: https://gna.cultura.gov.it/wiki/index.php/RCG_multipolygon (depth 2)
Crawling: https://gna.cultura.gov.it/wiki/index.php/Casi_d%27uso (depth 2)
Crawling: https://gna.cultura.gov.it/wiki/index.php/DSC_multipolygon (depth 2)
Crawling: https://gna.cultura.gov.it/wiki/index.php/Prima_di_iniziare (depth 3)
Crawling: https://gna.cultura.gov.it/wiki/index.php/Vocabolario_GPBB (depth 3)
Crawling: https://gna.cultura.gov.it/wiki/index.php/Vocabolario_AMA (depth 3)
Crawling: https://gna.cultura.gov.it/wiki/index.php/Vocabolario_DTR (depth 3)
Crawling: https://gna.cultura.gov.it/wiki/index.php/GPT (depth 3)
Crawling: https://gna.cultura.gov.it/wiki/index.php/Vocabolario_NVCT (depth 3)
Crawling: https://gna.cultura.gov.it/wiki/index.php/Vocabolario_OGM (depth 3)
Crawling: https://gna.cultura.gov.it/wiki/index.php/Vocabolario_CDGG (depth 3)
Crawling: https://gna.cultura.gov.it/wiki/index.php/GPBB (depth 3)
Crawling: https://gna.cultura.gov.it/wiki/index.php/Vocabolario_FOIF (depth 3)
Crawling: https://gna.cultura.gov.it/wiki/index.php/Riutilizzare_vecchi_MOSI (depth 3)
Crawling: https://gna.cultura.gov.it/wiki/index.php/OGD%2BOGT (depth 3)
Crawling: https://gna.cultura.gov.it/wiki/index.php/Vocabolario_CTG-OGT (depth 3)
Crawling: https://gna.cultura.gov.it/wiki/index.php/Vocabolario_GPT (depth 3)
Crawling: https://gna.cultura.gov.it/wiki/index.php/DSC_in_SW (depth 3)
Crawling: https://gna.cultura.gov.it/wiki/index.php/RCG_in_SW (depth 3)
Crawling: https://gna.cultura.gov.it/wiki/index.php/RCGE (depth 3)
Crawling: https://gna.cultura.gov.it/wiki/index.php/Vocabolario_RCGC (depth 3)
Found 33 URLs for sitemap
Generating XML sitemap...
Sitemap generated successfully at: sitemap\GNA__sitemap.xml
Total URLs included: 33

2025-06-19 11:38:23,376 - root - INFO - Starting chunk creation...
2025-06-19 11:38:26,965 - root - ERROR - Chunk creation failed: Traceback (most recent call last):
  File "C:\Users\Lucrezia\Documents\GitHub\GNAvigator\create_chunks_json.py", line 10, in <module>
    import spacy
ModuleNotFoundError: No module named 'spacy'

2025-06-19 11:38:26,965 - root - ERROR - Pipeline failed with error
Traceback (most recent call last):
  File "c:\Users\Lucrezia\Documents\GitHub\GNAvigator\main_preprocess.py", line 106, in main
    run_chunking()
  File "c:\Users\Lucrezia\Documents\GitHub\GNAvigator\main_preprocess.py", line 53, in run_chunking
    raise RuntimeError("Chunk creation failed")
RuntimeError: Chunk creation failed
